Copyright 1986-2017 Xilinx, Inc. All Rights Reserved.
------------------------------------------------------------------------------------
| Tool Version : Vivado v.2017.3 (win64) Build 2018833 Wed Oct  4 19:58:22 MDT 2017
| Date         : Tue Dec 19 21:19:46 2017
| Host         : RuiKang running 64-bit major release  (build 9200)
| Command      : report_control_sets -file sim_control_sets_placed.rpt
| Design       : sim
| Device       : xc7a100t
------------------------------------------------------------------------------------

Control Set Information

Table of Contents
-----------------
1. Summary
2. Flip-Flop Distribution

1. Summary
----------

+-------------------------------+-------+
|             Status            | Count |
+-------------------------------+-------+
| Number of unique control sets |    23 |
+-------------------------------+-------+


2. Flip-Flop Distribution
-------------------------

+--------------+-----------------------+------------------------+-----------------+--------------+
| Clock Enable | Synchronous Set/Reset | Asynchronous Set/Reset | Total Registers | Total Slices |
+--------------+-----------------------+------------------------+-----------------+--------------+
| No           | No                    | No                     |             324 |          164 |
| No           | No                    | Yes                    |               0 |            0 |
| No           | Yes                   | No                     |              35 |           13 |
| Yes          | No                    | No                     |            1479 |          579 |
| Yes          | No                    | Yes                    |               0 |            0 |
| Yes          | Yes                   | No                     |              19 |            8 |
+--------------+-----------------------+------------------------+-----------------+--------------+


